SASMX v2.02  Copyright (c) Argonaut Software Ltd 1992
14888K Free,  Friday 4th February 2022
Error:INC\mousealc.inc (11/11), Illegal operator in expression.
	00000000		
;===================================================================
;		RAM Definitions
;
;********  Index Register Area  ********

reg0
	alc	reg0l,1
	alc	reg0h,1

reg1
	alc	reg1l,1
	alc	reg1h,1


;	................


;********  SYS Subroutine Work Area  ********



mouse_sp_set
	alc	mouse_sp_set0,1	; Register to set mouse speed       
	alc	mouse_sp_set1,1	; Register to set mouse speed       

mouse_con
	alc	mouse_con0,1	; Mouse connection port d0 = 4016
	alc	mouse_con1,1	; Mouse connection port d0 = 4017

mouse_y
	alc	mouse_y0,1	; Mouse Y-direction value (joy1)
	alc	mouse_y1,1	; Mouse Y-direction value (joy2)

mouse_x
	alc	mouse_x0,1	; Mouse X-direction value (joy1)
	alc	mouse_x1,1	; Mouse X-direction value (joy2)

mouse_sp
	alc	mouse_sp0,1	; Mouse speed 00=slow 01=mid 10=fast (joy1)
	alc	mouse_sp1,1	; Mouse speed 00=slow 01=mid 10=fast (joy2)

mouse_sw
	alc	mouse_sw0,1	; Mouse button d0=left d1=right (joy1)
	alc	mouse_sw1,1	; Mouse button d0=left d1=right (joy2)

mouse_swt
	alc	mouse_swt0,1	; Mouse button trigger
	alc	mouse_swt1,1	; Mouse button trigger

mouse_sb			; Previous switch status 
	alc	mouse_sb0,1
	alc	mouse_sb1,1

	alc	connect_st0,1	; Mouse connection change flag
	alc	connect_st1,1	

Error:INC\mousealc.inc (16/16), Illegal character in symbol.
	00000000		reg0
	alc	reg0l,1
	alc	reg0h,1

reg1
	alc	reg1l,1
	alc	reg1h,1


;	................


;********  SYS Subroutine Work Area  ********



mouse_sp_set
	alc	mouse_sp_set0,1	; Register to set mouse speed       
	alc	mouse_sp_set1,1	; Register to set mouse speed       

mouse_con
	alc	mouse_con0,1	; Mouse connection port d0 = 4016
	alc	mouse_con1,1	; Mouse connection port d0 = 4017

mouse_y
	alc	mouse_y0,1	; Mouse Y-direction value (joy1)
	alc	mouse_y1,1	; Mouse Y-direction value (joy2)

mouse_x
	alc	mouse_x0,1	; Mouse X-direction value (joy1)
	alc	mouse_x1,1	; Mouse X-direction value (joy2)

mouse_sp
	alc	mouse_sp0,1	; Mouse speed 00=slow 01=mid 10=fast (joy1)
	alc	mouse_sp1,1	; Mouse speed 00=slow 01=mid 10=fast (joy2)

mouse_sw
	alc	mouse_sw0,1	; Mouse button d0=left d1=right (joy1)
	alc	mouse_sw1,1	; Mouse button d0=left d1=right (joy2)

mouse_swt
	alc	mouse_swt0,1	; Mouse button trigger
	alc	mouse_swt1,1	; Mouse button trigger

mouse_sb			; Previous switch status 
	alc	mouse_sb0,1
	alc	mouse_sb1,1

	alc	connect_st0,1	; Mouse connection change flag
	alc	connect_st1,1	

[80D[K[80D[01m-- BANK 0:[00m
[01m-- 11652 bytes free.[00m
[01m-- BANK 32:[00m
[01m-- 25420 bytes free.[00m
[01m------------------------------- MEMORY USAGE ----------------------------------[00m
Zero Page Free       =    2 (001%)[00m      Work Ram Free        = 1249 (017%)[00m
Extended Ram Free    = 3725 (006%)[00m
[01m-------------------------------------------------------------------------------
[00m	$0000173D
 Error(s), 0 Warning(s). ([36m0.22s[00m)

--- errorlevel 2
